<?xml version="1.0" encoding="UTF-8"?>
<!-- Generated by org.testng.reporters.JUnitReportReporter -->
<testsuite hostname="Lenovo-PC" name="com.POM.TestExecution.OrangeHRM_Login" tests="1" failures="0" timestamp="22 Dec 2016 10:38:00 GMT" time="19.931" errors="0">
  <testcase name="loginTest" time="19.931" classname="com.POM.TestExecution.OrangeHRM_Login"/>
</testsuite> <!-- com.POM.TestExecution.OrangeHRM_Login -->
