<?xml version="1.0" encoding="UTF-8"?>
<!-- Generated by org.testng.reporters.JUnitReportReporter -->
<testsuite hostname="Lenovo-PC" name="com.POM.TestExecution.NewTest12" tests="1" failures="0" timestamp="25 Dec 2016 14:46:57 GMT" time="11.761" errors="0">
  <testcase name="f" time="11.761" classname="com.POM.TestExecution.NewTest12"/>
</testsuite> <!-- com.POM.TestExecution.NewTest12 -->
