<?xml version="1.0" encoding="UTF-8"?>
<!-- Generated by org.testng.reporters.JUnitReportReporter -->
<testsuite hostname="Lenovo-PC" name="com.POM.TestExecution.POMControl1" tests="1" failures="0" timestamp="22 Dec 2016 12:10:52 GMT" time="40.353" errors="0">
  <testcase name="pomTest1" time="40.353" classname="com.POM.TestExecution.POMControl1"/>
</testsuite> <!-- com.POM.TestExecution.POMControl1 -->
